c:\workspace\bga2\towerdefense\debug\vc142.pdb
c:\workspace\bga2\towerdefense\debug\vc142.idb
c:\workspace\bga2\towerdefense\debug\appforctrl.obj
c:\workspace\bga2\towerdefense\debug\script.obj
c:\workspace\bga2\towerdefense\debug\mapeditor.obj
c:\workspace\bga2\towerdefense\debug\iwindow.obj
c:\workspace\bga2\towerdefense\debug\tetris.obj
c:\workspace\bga2\towerdefense\debug\dlgitem.obj
c:\workspace\bga2\towerdefense\debug\tdobject.obj
c:\workspace\bga2\towerdefense\debug\tddata.obj
c:\workspace\bga2\towerdefense\debug\td.obj
c:\workspace\bga2\towerdefense\debug\sadari.obj
c:\workspace\bga2\towerdefense\debug\proc.obj
c:\workspace\bga2\towerdefense\debug\menu.obj
c:\workspace\bga2\towerdefense\debug\loading.obj
c:\workspace\bga2\towerdefense\debug\jump.obj
c:\workspace\bga2\towerdefense\debug\intro.obj
c:\workspace\bga2\towerdefense\debug\game.obj
c:\workspace\bga2\towerdefense\debug\ending.obj
c:\workspace\bga2\towerdefense\debug\2048.obj
c:\workspace\bga2\towerdefense\debug\scriptdata.obj
c:\workspace\bga2\towerdefense\debug\dlgquest.obj
c:\workspace\bga2\towerdefense\debug\dlgnom.obj
c:\workspace\bga2\towerdefense\debug\ivideo.obj
c:\workspace\bga2\towerdefense\debug\istring.obj
c:\workspace\bga2\towerdefense\debug\istrtex.obj
c:\workspace\bga2\towerdefense\debug\istd.obj
c:\workspace\bga2\towerdefense\debug\ispine.obj
c:\workspace\bga2\towerdefense\debug\ishortestpath.obj
c:\workspace\bga2\towerdefense\debug\ipopup.obj
c:\workspace\bga2\towerdefense\debug\ipoint.obj
c:\workspace\bga2\towerdefense\debug\iopengl.obj
c:\workspace\bga2\towerdefense\debug\iopenal.obj
c:\workspace\bga2\towerdefense\debug\iimage.obj
c:\workspace\bga2\towerdefense\debug\igraphics.obj
c:\workspace\bga2\towerdefense\debug\app.obj
c:\workspace\bga2\towerdefense\debug\isort.obj
c:\workspace\bga2\towerdefense\debug\isize.obj
c:\workspace\bga2\towerdefense\debug\irect.obj
c:\workspace\bga2\towerdefense\debug\ifps.obj
c:\workspace\bga2\towerdefense\debug\icolor.obj
c:\workspace\bga2\towerdefense\debug\iarray.obj
c:\workspace\bga2\towerdefense\debug\imatrix.obj
c:\workspace\bga2\towerdefense\debug\json.obj
c:\workspace\bga2\towerdefense\debug\ikconstraintdata.obj
c:\workspace\bga2\towerdefense\debug\ikconstraint.obj
c:\workspace\bga2\towerdefense\debug\extension.obj
c:\workspace\bga2\towerdefense\debug\eventdata.obj
c:\workspace\bga2\towerdefense\debug\event.obj
c:\workspace\bga2\towerdefense\debug\color.obj
c:\workspace\bga2\towerdefense\debug\clippingattachment.obj
c:\workspace\bga2\towerdefense\debug\boundingboxattachment.obj
c:\workspace\bga2\towerdefense\debug\bonedata.obj
c:\workspace\bga2\towerdefense\debug\bone.obj
c:\workspace\bga2\towerdefense\debug\attachmentloader.obj
c:\workspace\bga2\towerdefense\debug\attachment.obj
c:\workspace\bga2\towerdefense\debug\atlasattachmentloader.obj
c:\workspace\bga2\towerdefense\debug\atlas.obj
c:\workspace\bga2\towerdefense\debug\array.obj
c:\workspace\bga2\towerdefense\debug\animationstatedata.obj
c:\workspace\bga2\towerdefense\debug\animationstate.obj
c:\workspace\bga2\towerdefense\debug\animation.obj
c:\workspace\bga2\towerdefense\debug\glew.obj
c:\workspace\bga2\towerdefense\debug\vertexeffect.obj
c:\workspace\bga2\towerdefense\debug\vertexattachment.obj
c:\workspace\bga2\towerdefense\debug\triangulator.obj
c:\workspace\bga2\towerdefense\debug\transformconstraintdata.obj
c:\workspace\bga2\towerdefense\debug\transformconstraint.obj
c:\workspace\bga2\towerdefense\debug\slotdata.obj
c:\workspace\bga2\towerdefense\debug\slot.obj
c:\workspace\bga2\towerdefense\debug\skin.obj
c:\workspace\bga2\towerdefense\debug\skeletonjson.obj
c:\workspace\bga2\towerdefense\debug\skeletondata.obj
c:\workspace\bga2\towerdefense\debug\skeletonclipping.obj
c:\workspace\bga2\towerdefense\debug\skeletonbounds.obj
c:\workspace\bga2\towerdefense\debug\skeletonbinary.obj
c:\workspace\bga2\towerdefense\debug\skeleton.obj
c:\workspace\bga2\towerdefense\debug\regionattachment.obj
c:\workspace\bga2\towerdefense\debug\pointattachment.obj
c:\workspace\bga2\towerdefense\debug\pathconstraintdata.obj
c:\workspace\bga2\towerdefense\debug\pathconstraint.obj
c:\workspace\bga2\towerdefense\debug\pathattachment.obj
c:\workspace\bga2\towerdefense\debug\meshattachment.obj
c:\workspace\bga2\towerdefense\debug\towerdefense.res
c:\workspace\bga2\towerdefense\debug\istd.obj.enc
c:\workspace\bga2\towerdefense\debug\mapeditor.obj.enc
c:\workspace\bga2\towerdefense\debug\2048.nativecodeanalysis.xml
c:\workspace\bga2\towerdefense\debug\app.nativecodeanalysis.xml
c:\workspace\bga2\towerdefense\debug\appforctrl.nativecodeanalysis.xml
c:\workspace\bga2\towerdefense\debug\dlgitem.nativecodeanalysis.xml
c:\workspace\bga2\towerdefense\debug\dlgnom.nativecodeanalysis.xml
c:\workspace\bga2\towerdefense\debug\dlgquest.nativecodeanalysis.xml
c:\workspace\bga2\towerdefense\debug\ending.nativecodeanalysis.xml
c:\workspace\bga2\towerdefense\debug\game.nativecodeanalysis.xml
c:\workspace\bga2\towerdefense\debug\iarray.nativecodeanalysis.xml
c:\workspace\bga2\towerdefense\debug\icolor.nativecodeanalysis.xml
c:\workspace\bga2\towerdefense\debug\ifps.nativecodeanalysis.xml
c:\workspace\bga2\towerdefense\debug\igraphics.nativecodeanalysis.xml
c:\workspace\bga2\towerdefense\debug\iimage.nativecodeanalysis.xml
c:\workspace\bga2\towerdefense\debug\intro.nativecodeanalysis.xml
c:\workspace\bga2\towerdefense\debug\iopenal.nativecodeanalysis.xml
c:\workspace\bga2\towerdefense\debug\iopengl.nativecodeanalysis.xml
c:\workspace\bga2\towerdefense\debug\ipoint.nativecodeanalysis.xml
c:\workspace\bga2\towerdefense\debug\ipopup.nativecodeanalysis.xml
c:\workspace\bga2\towerdefense\debug\irect.nativecodeanalysis.xml
c:\workspace\bga2\towerdefense\debug\ishortestpath.nativecodeanalysis.xml
c:\workspace\bga2\towerdefense\debug\isize.nativecodeanalysis.xml
c:\workspace\bga2\towerdefense\debug\isort.nativecodeanalysis.xml
c:\workspace\bga2\towerdefense\debug\ispine.nativecodeanalysis.xml
c:\workspace\bga2\towerdefense\debug\istd.nativecodeanalysis.xml
c:\workspace\bga2\towerdefense\debug\istring.nativecodeanalysis.xml
c:\workspace\bga2\towerdefense\debug\istrtex.nativecodeanalysis.xml
c:\workspace\bga2\towerdefense\debug\ivideo.nativecodeanalysis.xml
c:\workspace\bga2\towerdefense\debug\iwindow.nativecodeanalysis.xml
c:\workspace\bga2\towerdefense\debug\jump.nativecodeanalysis.xml
c:\workspace\bga2\towerdefense\debug\loading.nativecodeanalysis.xml
c:\workspace\bga2\towerdefense\debug\menu.nativecodeanalysis.xml
c:\workspace\bga2\towerdefense\debug\proc.nativecodeanalysis.xml
c:\workspace\bga2\towerdefense\debug\sadari.nativecodeanalysis.xml
c:\workspace\bga2\towerdefense\debug\script.nativecodeanalysis.xml
c:\workspace\bga2\towerdefense\debug\scriptdata.nativecodeanalysis.xml
c:\workspace\bga2\towerdefense\debug\td.nativecodeanalysis.xml
c:\workspace\bga2\towerdefense\debug\tddata.nativecodeanalysis.xml
c:\workspace\bga2\towerdefense\debug\tdobject.nativecodeanalysis.xml
c:\workspace\bga2\towerdefense\debug\tetris.nativecodeanalysis.xml
c:\workspace\bga2\debug\towerdefense.pdb
c:\workspace\bga2\towerdefense\debug\towerdefense.tlog\cl.command.1.tlog
c:\workspace\bga2\towerdefense\debug\towerdefense.tlog\cl.read.1.tlog
c:\workspace\bga2\towerdefense\debug\towerdefense.tlog\cl.write.1.tlog
c:\workspace\bga2\towerdefense\debug\towerdefense.tlog\link-cvtres.read.1.tlog
c:\workspace\bga2\towerdefense\debug\towerdefense.tlog\link-cvtres.write.1.tlog
c:\workspace\bga2\towerdefense\debug\towerdefense.tlog\link-rc.read.1.tlog
c:\workspace\bga2\towerdefense\debug\towerdefense.tlog\link-rc.write.1.tlog
c:\workspace\bga2\towerdefense\debug\towerdefense.tlog\link.command.1.tlog
c:\workspace\bga2\towerdefense\debug\towerdefense.tlog\link.read.1.tlog
c:\workspace\bga2\towerdefense\debug\towerdefense.tlog\link.write.1.tlog
c:\workspace\bga2\towerdefense\debug\towerdefense.tlog\rc.command.1.tlog
c:\workspace\bga2\towerdefense\debug\towerdefense.tlog\rc.read.1.tlog
c:\workspace\bga2\towerdefense\debug\towerdefense.tlog\rc.write.1.tlog
